{"/Users/adambien/Nauka - 2025/Flowboard/src/components/AddBoardModal.tsx": {"path":"/Users/adambien/Nauka - 2025/Flowboard/src/components/AddBoardModal.tsx","statementMap":{"0":{"start":{"line":10,"column":0},"end":{"line":10,"column":24}},"1":{"start":{"line":1,"column":0},"end":{"line":1,"column":68}},"2":{"start":{"line":2,"column":0},"end":{"line":2,"column":40}},"3":{"start":{"line":15,"column":36},"end":{"line":15,"column":48}},"4":{"start":{"line":16,"column":19},"end":{"line":16,"column":49}},"5":{"start":{"line":18,"column":23},"end":{"line":24,"column":3}},"6":{"start":{"line":19,"column":4},"end":{"line":19,"column":27}},"7":{"start":{"line":20,"column":24},"end":{"line":20,"column":40}},"8":{"start":{"line":21,"column":4},"end":{"line":21,"column":29}},"9":{"start":{"line":21,"column":22},"end":{"line":21,"column":29}},"10":{"start":{"line":22,"column":4},"end":{"line":22,"column":24}},"11":{"start":{"line":23,"column":4},"end":{"line":23,"column":21}},"12":{"start":{"line":26,"column":2},"end":{"line":32,"column":13}},"13":{"start":{"line":27,"column":4},"end":{"line":31,"column":5}},"14":{"start":{"line":28,"column":6},"end":{"line":28,"column":55}},"15":{"start":{"line":28,"column":23},"end":{"line":28,"column":48}},"16":{"start":{"line":30,"column":6},"end":{"line":30,"column":23}},"17":{"start":{"line":34,"column":2},"end":{"line":92,"column":4}},"18":{"start":{"line":66,"column":31},"end":{"line":66,"column":59}}},"fnMap":{"0":{"name":"AddBoardModal","decl":{"start":{"line":10,"column":24},"end":{"line":10,"column":37}},"loc":{"start":{"line":14,"column":21},"end":{"line":93,"column":1}}},"1":{"name":"(anonymous_1)","decl":{"start":{"line":18,"column":23},"end":{"line":18,"column":24}},"loc":{"start":{"line":18,"column":44},"end":{"line":24,"column":3}}},"2":{"name":"(anonymous_2)","decl":{"start":{"line":26,"column":12},"end":{"line":26,"column":15}},"loc":{"start":{"line":26,"column":17},"end":{"line":32,"column":3}}},"3":{"name":"(anonymous_3)","decl":{"start":{"line":28,"column":17},"end":{"line":28,"column":20}},"loc":{"start":{"line":28,"column":23},"end":{"line":28,"column":48}}},"4":{"name":"(anonymous_4)","decl":{"start":{"line":66,"column":24},"end":{"line":66,"column":25}},"loc":{"start":{"line":66,"column":31},"end":{"line":66,"column":59}}}},"branchMap":{"0":{"loc":{"start":{"line":21,"column":4},"end":{"line":21,"column":29}},"type":"if","locations":[{"start":{"line":21,"column":4},"end":{"line":21,"column":29}}]},"1":{"loc":{"start":{"line":27,"column":4},"end":{"line":31,"column":5}},"type":"if","locations":[{"start":{"line":27,"column":4},"end":{"line":31,"column":5}},{"start":{"line":29,"column":11},"end":{"line":31,"column":5}}]}},"s":{"0":1,"1":1,"2":1,"3":18,"4":18,"5":18,"6":2,"7":2,"8":2,"9":1,"10":1,"11":1,"12":18,"13":2,"14":2,"15":1,"16":0,"17":18,"18":15},"f":{"0":18,"1":2,"2":2,"3":1,"4":15},"b":{"0":[1],"1":[2,0]}}
,"/Users/adambien/Nauka - 2025/Flowboard/src/components/TaskModal.tsx": {"path":"/Users/adambien/Nauka - 2025/Flowboard/src/components/TaskModal.tsx","statementMap":{"0":{"start":{"line":14,"column":0},"end":{"line":14,"column":24}},"1":{"start":{"line":1,"column":0},"end":{"line":1,"column":44}},"2":{"start":{"line":2,"column":0},"end":{"line":2,"column":49}},"3":{"start":{"line":3,"column":0},"end":{"line":3,"column":60}},"4":{"start":{"line":4,"column":0},"end":{"line":4,"column":55}},"5":{"start":{"line":5,"column":0},"end":{"line":5,"column":42}},"6":{"start":{"line":6,"column":0},"end":{"line":6,"column":49}},"7":{"start":{"line":7,"column":0},"end":{"line":7,"column":45}},"8":{"start":{"line":15,"column":27},"end":{"line":15,"column":46}},"9":{"start":{"line":17,"column":4},"end":{"line":17,"column":19}},"10":{"start":{"line":19,"column":46},"end":{"line":19,"column":61}},"11":{"start":{"line":20,"column":32},"end":{"line":20,"column":63}},"12":{"start":{"line":21,"column":32},"end":{"line":21,"column":61}},"13":{"start":{"line":22,"column":44},"end":{"line":22,"column":59}},"14":{"start":{"line":24,"column":24},"end":{"line":36,"column":3}},"15":{"start":{"line":25,"column":4},"end":{"line":35,"column":5}},"16":{"start":{"line":27,"column":8},"end":{"line":27,"column":46}},"17":{"start":{"line":29,"column":8},"end":{"line":29,"column":48}},"18":{"start":{"line":31,"column":8},"end":{"line":31,"column":45}},"19":{"start":{"line":34,"column":8},"end":{"line":34,"column":46}},"20":{"start":{"line":38,"column":24},"end":{"line":42,"column":3}},"21":{"start":{"line":39,"column":4},"end":{"line":39,"column":36}},"22":{"start":{"line":39,"column":19},"end":{"line":39,"column":36}},"23":{"start":{"line":40,"column":4},"end":{"line":40,"column":49}},"24":{"start":{"line":40,"column":32},"end":{"line":40,"column":49}},"25":{"start":{"line":41,"column":4},"end":{"line":41,"column":20}},"26":{"start":{"line":44,"column":2},"end":{"line":46,"column":55}},"27":{"start":{"line":45,"column":4},"end":{"line":45,"column":53}},"28":{"start":{"line":45,"column":22},"end":{"line":45,"column":53}},"29":{"start":{"line":48,"column":2},"end":{"line":56,"column":29}},"30":{"start":{"line":49,"column":4},"end":{"line":55,"column":5}},"31":{"start":{"line":50,"column":22},"end":{"line":52,"column":13}},"32":{"start":{"line":51,"column":8},"end":{"line":51,"column":29}},"33":{"start":{"line":54,"column":6},"end":{"line":54,"column":41}},"34":{"start":{"line":54,"column":19},"end":{"line":54,"column":40}},"35":{"start":{"line":58,"column":2},"end":{"line":71,"column":27}},"36":{"start":{"line":60,"column":4},"end":{"line":70,"column":5}},"37":{"start":{"line":61,"column":6},"end":{"line":61,"column":23}},"38":{"start":{"line":62,"column":6},"end":{"line":62,"column":23}},"39":{"start":{"line":63,"column":6},"end":{"line":63,"column":30}},"40":{"start":{"line":64,"column":6},"end":{"line":64,"column":31}},"41":{"start":{"line":66,"column":6},"end":{"line":66,"column":23}},"42":{"start":{"line":67,"column":6},"end":{"line":67,"column":23}},"43":{"start":{"line":68,"column":6},"end":{"line":68,"column":30}},"44":{"start":{"line":69,"column":6},"end":{"line":69,"column":31}},"45":{"start":{"line":73,"column":32},"end":{"line":75,"column":3}},"46":{"start":{"line":74,"column":4},"end":{"line":74,"column":54}},"47":{"start":{"line":74,"column":28},"end":{"line":74,"column":36}},"48":{"start":{"line":77,"column":32},"end":{"line":122,"column":3}},"49":{"start":{"line":78,"column":4},"end":{"line":78,"column":46}},"50":{"start":{"line":78,"column":39},"end":{"line":78,"column":46}},"51":{"start":{"line":79,"column":4},"end":{"line":79,"column":31}},"52":{"start":{"line":79,"column":24},"end":{"line":79,"column":31}},"53":{"start":{"line":81,"column":4},"end":{"line":81,"column":28}},"54":{"start":{"line":82,"column":4},"end":{"line":82,"column":21}},"55":{"start":{"line":84,"column":4},"end":{"line":121,"column":5}},"56":{"start":{"line":85,"column":20},"end":{"line":85,"column":37}},"57":{"start":{"line":86,"column":26},"end":{"line":86,"column":55}},"58":{"start":{"line":88,"column":30},"end":{"line":92,"column":null}},"59":{"start":{"line":95,"column":6},"end":{"line":99,"column":7}},"60":{"start":{"line":96,"column":8},"end":{"line":96,"column":29}},"61":{"start":{"line":97,"column":8},"end":{"line":97,"column":73}},"62":{"start":{"line":98,"column":8},"end":{"line":98,"column":15}},"63":{"start":{"line":101,"column":24},"end":{"line":101,"column":78}},"64":{"start":{"line":102,"column":20},"end":{"line":102,"column":59}},"65":{"start":{"line":104,"column":22},"end":{"line":106,"column":19}},"66":{"start":{"line":105,"column":41},"end":{"line":105,"column":62}},"67":{"start":{"line":108,"column":6},"end":{"line":111,"column":7}},"68":{"start":{"line":109,"column":8},"end":{"line":109,"column":72}},"69":{"start":{"line":110,"column":8},"end":{"line":110,"column":15}},"70":{"start":{"line":113,"column":6},"end":{"line":113,"column":26}},"71":{"start":{"line":114,"column":6},"end":{"line":114,"column":29}},"72":{"start":{"line":116,"column":6},"end":{"line":116,"column":25}},"73":{"start":{"line":117,"column":18},"end":{"line":117,"column":79}},"74":{"start":{"line":118,"column":6},"end":{"line":118,"column":69}},"75":{"start":{"line":120,"column":6},"end":{"line":120,"column":31}},"76":{"start":{"line":124,"column":30},"end":{"line":136,"column":3}},"77":{"start":{"line":125,"column":4},"end":{"line":125,"column":30}},"78":{"start":{"line":125,"column":23},"end":{"line":125,"column":30}},"79":{"start":{"line":126,"column":4},"end":{"line":126,"column":33}},"80":{"start":{"line":126,"column":26},"end":{"line":126,"column":33}},"81":{"start":{"line":128,"column":4},"end":{"line":128,"column":59}},"82":{"start":{"line":130,"column":4},"end":{"line":132,"column":5}},"83":{"start":{"line":131,"column":6},"end":{"line":131,"column":61}},"84":{"start":{"line":134,"column":4},"end":{"line":134,"column":21}},"85":{"start":{"line":135,"column":4},"end":{"line":135,"column":28}},"86":{"start":{"line":139,"column":4},"end":{"line":139,"column":78}},"87":{"start":{"line":141,"column":2},"end":{"line":347,"column":4}},"88":{"start":{"line":259,"column":20},"end":{"line":259,"column":44}},"89":{"start":{"line":330,"column":10},"end":{"line":330,"column":34}},"90":{"start":{"line":331,"column":10},"end":{"line":331,"column":27}},"91":{"start":{"line":332,"column":10},"end":{"line":332,"column":27}},"92":{"start":{"line":341,"column":33},"end":{"line":341,"column":51}}},"fnMap":{"0":{"name":"TaskModal","decl":{"start":{"line":14,"column":24},"end":{"line":14,"column":33}},"loc":{"start":{"line":14,"column":66},"end":{"line":348,"column":1}}},"1":{"name":"(anonymous_2)","decl":{"start":{"line":24,"column":24},"end":{"line":24,"column":25}},"loc":{"start":{"line":24,"column":46},"end":{"line":36,"column":3}}},"2":{"name":"(anonymous_3)","decl":{"start":{"line":38,"column":24},"end":{"line":38,"column":25}},"loc":{"start":{"line":38,"column":46},"end":{"line":42,"column":3}}},"3":{"name":"(anonymous_4)","decl":{"start":{"line":44,"column":12},"end":{"line":44,"column":15}},"loc":{"start":{"line":44,"column":17},"end":{"line":46,"column":3}}},"4":{"name":"(anonymous_5)","decl":{"start":{"line":48,"column":12},"end":{"line":48,"column":15}},"loc":{"start":{"line":48,"column":17},"end":{"line":56,"column":3}}},"5":{"name":"(anonymous_6)","decl":{"start":{"line":50,"column":33},"end":{"line":50,"column":36}},"loc":{"start":{"line":50,"column":38},"end":{"line":52,"column":7}}},"6":{"name":"(anonymous_7)","decl":{"start":{"line":54,"column":13},"end":{"line":54,"column":16}},"loc":{"start":{"line":54,"column":19},"end":{"line":54,"column":40}}},"7":{"name":"(anonymous_8)","decl":{"start":{"line":58,"column":12},"end":{"line":58,"column":15}},"loc":{"start":{"line":58,"column":17},"end":{"line":71,"column":3}}},"8":{"name":"(anonymous_9)","decl":{"start":{"line":73,"column":32},"end":{"line":73,"column":33}},"loc":{"start":{"line":73,"column":52},"end":{"line":75,"column":3}}},"9":{"name":"(anonymous_10)","decl":{"start":{"line":74,"column":21},"end":{"line":74,"column":22}},"loc":{"start":{"line":74,"column":28},"end":{"line":74,"column":36}}},"10":{"name":"(anonymous_11)","decl":{"start":{"line":77,"column":32},"end":{"line":77,"column":37}},"loc":{"start":{"line":77,"column":43},"end":{"line":122,"column":3}}},"11":{"name":"(anonymous_12)","decl":{"start":{"line":105,"column":21},"end":{"line":105,"column":22}},"loc":{"start":{"line":105,"column":41},"end":{"line":105,"column":62}}},"12":{"name":"(anonymous_13)","decl":{"start":{"line":124,"column":30},"end":{"line":124,"column":35}},"loc":{"start":{"line":124,"column":41},"end":{"line":136,"column":3}}},"13":{"name":"(anonymous_14)","decl":{"start":{"line":258,"column":37},"end":{"line":258,"column":38}},"loc":{"start":{"line":259,"column":20},"end":{"line":259,"column":44}}},"14":{"name":"(anonymous_15)","decl":{"start":{"line":329,"column":16},"end":{"line":329,"column":19}},"loc":{"start":{"line":329,"column":21},"end":{"line":333,"column":9}}},"15":{"name":"(anonymous_16)","decl":{"start":{"line":341,"column":21},"end":{"line":341,"column":22}},"loc":{"start":{"line":341,"column":33},"end":{"line":341,"column":51}}}},"branchMap":{"0":{"loc":{"start":{"line":25,"column":4},"end":{"line":35,"column":5}},"type":"switch","locations":[{"start":{"line":26,"column":6},"end":{"line":27,"column":46}},{"start":{"line":28,"column":6},"end":{"line":29,"column":48}},{"start":{"line":30,"column":6},"end":{"line":31,"column":45}},{"start":{"line":32,"column":6},"end":{"line":32,"column":21}},{"start":{"line":33,"column":6},"end":{"line":34,"column":46}}]},"1":{"loc":{"start":{"line":39,"column":4},"end":{"line":39,"column":36}},"type":"if","locations":[{"start":{"line":39,"column":4},"end":{"line":39,"column":36}}]},"2":{"loc":{"start":{"line":40,"column":4},"end":{"line":40,"column":49}},"type":"if","locations":[{"start":{"line":40,"column":4},"end":{"line":40,"column":49}}]},"3":{"loc":{"start":{"line":45,"column":4},"end":{"line":45,"column":53}},"type":"if","locations":[{"start":{"line":45,"column":4},"end":{"line":45,"column":53}}]},"4":{"loc":{"start":{"line":49,"column":4},"end":{"line":55,"column":5}},"type":"if","locations":[{"start":{"line":49,"column":4},"end":{"line":55,"column":5}}]},"5":{"loc":{"start":{"line":60,"column":4},"end":{"line":70,"column":5}},"type":"if","locations":[{"start":{"line":60,"column":4},"end":{"line":70,"column":5}},{"start":{"line":65,"column":11},"end":{"line":70,"column":5}}]},"6":{"loc":{"start":{"line":60,"column":8},"end":{"line":60,"column":30}},"type":"binary-expr","locations":[{"start":{"line":60,"column":8},"end":{"line":60,"column":13}},{"start":{"line":60,"column":17},"end":{"line":60,"column":30}}]},"7":{"loc":{"start":{"line":78,"column":4},"end":{"line":78,"column":46}},"type":"if","locations":[{"start":{"line":78,"column":4},"end":{"line":78,"column":46}}]},"8":{"loc":{"start":{"line":78,"column":8},"end":{"line":78,"column":37}},"type":"binary-expr","locations":[{"start":{"line":78,"column":8},"end":{"line":78,"column":21}},{"start":{"line":78,"column":25},"end":{"line":78,"column":37}}]},"9":{"loc":{"start":{"line":79,"column":4},"end":{"line":79,"column":31}},"type":"if","locations":[{"start":{"line":79,"column":4},"end":{"line":79,"column":31}}]},"10":{"loc":{"start":{"line":86,"column":26},"end":{"line":86,"column":55}},"type":"binary-expr","locations":[{"start":{"line":86,"column":26},"end":{"line":86,"column":49}},{"start":{"line":86,"column":53},"end":{"line":86,"column":55}}]},"11":{"loc":{"start":{"line":95,"column":6},"end":{"line":99,"column":7}},"type":"if","locations":[{"start":{"line":95,"column":6},"end":{"line":99,"column":7}}]},"12":{"loc":{"start":{"line":102,"column":20},"end":{"line":102,"column":59}},"type":"cond-expr","locations":[{"start":{"line":102,"column":46},"end":{"line":102,"column":54}},{"start":{"line":102,"column":57},"end":{"line":102,"column":59}}]},"13":{"loc":{"start":{"line":108,"column":6},"end":{"line":111,"column":7}},"type":"if","locations":[{"start":{"line":108,"column":6},"end":{"line":111,"column":7}}]},"14":{"loc":{"start":{"line":117,"column":18},"end":{"line":117,"column":79}},"type":"cond-expr","locations":[{"start":{"line":117,"column":41},"end":{"line":117,"column":52}},{"start":{"line":117,"column":55},"end":{"line":117,"column":79}}]},"15":{"loc":{"start":{"line":125,"column":4},"end":{"line":125,"column":30}},"type":"if","locations":[{"start":{"line":125,"column":4},"end":{"line":125,"column":30}}]},"16":{"loc":{"start":{"line":126,"column":4},"end":{"line":126,"column":33}},"type":"if","locations":[{"start":{"line":126,"column":4},"end":{"line":126,"column":33}}]},"17":{"loc":{"start":{"line":130,"column":4},"end":{"line":132,"column":5}},"type":"if","locations":[{"start":{"line":130,"column":4},"end":{"line":132,"column":5}}]},"18":{"loc":{"start":{"line":139,"column":4},"end":{"line":139,"column":78}},"type":"cond-expr","locations":[{"start":{"line":139,"column":36},"end":{"line":139,"column":43}},{"start":{"line":139,"column":47},"end":{"line":139,"column":77}}]},"19":{"loc":{"start":{"line":139,"column":4},"end":{"line":139,"column":33}},"type":"binary-expr","locations":[{"start":{"line":139,"column":4},"end":{"line":139,"column":11}},{"start":{"line":139,"column":15},"end":{"line":139,"column":33}}]},"20":{"loc":{"start":{"line":139,"column":47},"end":{"line":139,"column":77}},"type":"binary-expr","locations":[{"start":{"line":139,"column":47},"end":{"line":139,"column":69}},{"start":{"line":139,"column":73},"end":{"line":139,"column":77}}]},"21":{"loc":{"start":{"line":166,"column":9},"end":{"line":304,"column":null}},"type":"cond-expr","locations":[{"start":{"line":167,"column":10},"end":{"line":299,"column":null}},{"start":{"line":302,"column":10},"end":{"line":303,"column":null}}]},"22":{"loc":{"start":{"line":202,"column":17},"end":{"line":202,"column":47}},"type":"binary-expr","locations":[{"start":{"line":202,"column":17},"end":{"line":202,"column":40}},{"start":{"line":202,"column":44},"end":{"line":202,"column":47}}]},"23":{"loc":{"start":{"line":214,"column":17},"end":{"line":217,"column":null}},"type":"cond-expr","locations":[{"start":{"line":215,"column":18},"end":{"line":215,"column":58}},{"start":{"line":217,"column":18},"end":{"line":217,"column":47}}]},"24":{"loc":{"start":{"line":221,"column":15},"end":{"line":230,"column":null}},"type":"binary-expr","locations":[{"start":{"line":221,"column":15},"end":{"line":221,"column":22}},{"start":{"line":222,"column":16},"end":{"line":229,"column":null}}]},"25":{"loc":{"start":{"line":234,"column":13},"end":{"line":264,"column":null}},"type":"binary-expr","locations":[{"start":{"line":234,"column":13},"end":{"line":234,"column":26}},{"start":{"line":234,"column":30},"end":{"line":234,"column":54}},{"start":{"line":235,"column":14},"end":{"line":263,"column":null}}]},"26":{"loc":{"start":{"line":294,"column":19},"end":{"line":296,"column":32}},"type":"cond-expr","locations":[{"start":{"line":295,"column":22},"end":{"line":295,"column":63}},{"start":{"line":296,"column":22},"end":{"line":296,"column":32}}]},"27":{"loc":{"start":{"line":339,"column":10},"end":{"line":343,"column":42}},"type":"cond-expr","locations":[{"start":{"line":340,"column":14},"end":{"line":342,"column":29}},{"start":{"line":343,"column":14},"end":{"line":343,"column":42}}]},"28":{"loc":{"start":{"line":339,"column":10},"end":{"line":339,"column":35}},"type":"binary-expr","locations":[{"start":{"line":339,"column":10},"end":{"line":339,"column":17}},{"start":{"line":339,"column":21},"end":{"line":339,"column":35}}]}},"s":{"0":1,"1":1,"2":1,"3":1,"4":1,"5":1,"6":1,"7":1,"8":3,"9":3,"10":3,"11":3,"12":3,"13":3,"14":3,"15":2,"16":0,"17":0,"18":2,"19":0,"20":3,"21":2,"22":0,"23":2,"24":0,"25":2,"26":3,"27":3,"28":3,"29":3,"30":3,"31":0,"32":0,"33":0,"34":0,"35":3,"36":3,"37":0,"38":0,"39":0,"40":0,"41":3,"42":3,"43":3,"44":3,"45":3,"46":0,"47":0,"48":3,"49":0,"50":0,"51":0,"52":0,"53":0,"54":0,"55":0,"56":0,"57":0,"58":0,"59":0,"60":0,"61":0,"62":0,"63":0,"64":0,"65":0,"66":0,"67":0,"68":0,"69":0,"70":0,"71":0,"72":0,"73":0,"74":0,"75":0,"76":3,"77":0,"78":0,"79":0,"80":0,"81":0,"82":0,"83":0,"84":0,"85":0,"86":3,"87":3,"88":2,"89":0,"90":0,"91":0,"92":0},"f":{"0":3,"1":2,"2":2,"3":3,"4":3,"5":0,"6":0,"7":3,"8":0,"9":0,"10":0,"11":0,"12":0,"13":2,"14":0,"15":0},"b":{"0":[0,0,2,0,0],"1":[0],"2":[0],"3":[3],"4":[0],"5":[0,3],"6":[3,3],"7":[0],"8":[0,0],"9":[0],"10":[0,0],"11":[0],"12":[0,0],"13":[0],"14":[0,0],"15":[0],"16":[0],"17":[0],"18":[0,3],"19":[3,0],"20":[3,2],"21":[2,1],"22":[2,0],"23":[0,2],"24":[2,0],"25":[2,1,1],"26":[0,2],"27":[0,3],"28":[3,0]}}
,"/Users/adambien/Nauka - 2025/Flowboard/src/store/taskModalStore.ts": {"path":"/Users/adambien/Nauka - 2025/Flowboard/src/store/taskModalStore.ts","statementMap":{"0":{"start":{"line":1,"column":0},"end":{"line":1,"column":33}},"1":{"start":{"line":10,"column":18},"end":{"line":20,"column":1}},"2":{"start":{"line":11,"column":15},"end":{"line":11,"column":35}},"3":{"start":{"line":12,"column":2},"end":{"line":12,"column":79}},"4":{"start":{"line":12,"column":13},"end":{"line":12,"column":79}},"5":{"start":{"line":14,"column":20},"end":{"line":14,"column":44}},"6":{"start":{"line":16,"column":2},"end":{"line":18,"column":3}},"7":{"start":{"line":17,"column":4},"end":{"line":17,"column":65}},"8":{"start":{"line":19,"column":2},"end":{"line":19,"column":56}},"9":{"start":{"line":22,"column":13},"end":{"line":35,"column":4}},"10":{"start":{"line":22,"column":66},"end":{"line":35,"column":2}},"11":{"start":{"line":27,"column":4},"end":{"line":27,"column":57}},"12":{"start":{"line":28,"column":4},"end":{"line":28,"column":45}},"13":{"start":{"line":32,"column":4},"end":{"line":32,"column":56}},"14":{"start":{"line":33,"column":4},"end":{"line":33,"column":75}},"15":{"start":{"line":37,"column":36},"end":{"line":40,"column":1}},"16":{"start":{"line":38,"column":16},"end":{"line":38,"column":27}},"17":{"start":{"line":39,"column":2},"end":{"line":39,"column":36}},"18":{"start":{"line":37,"column":13},"end":{"line":37,"column":36}}},"fnMap":{"0":{"name":"(anonymous_0)","decl":{"start":{"line":10,"column":18},"end":{"line":10,"column":21}},"loc":{"start":{"line":10,"column":23},"end":{"line":20,"column":1}}},"1":{"name":"(anonymous_1)","decl":{"start":{"line":22,"column":56},"end":{"line":22,"column":57}},"loc":{"start":{"line":22,"column":66},"end":{"line":35,"column":2}}},"2":{"name":"(anonymous_2)","decl":{"start":{"line":26,"column":17},"end":{"line":26,"column":18}},"loc":{"start":{"line":26,"column":28},"end":{"line":29,"column":3}}},"3":{"name":"(anonymous_3)","decl":{"start":{"line":31,"column":18},"end":{"line":31,"column":21}},"loc":{"start":{"line":31,"column":23},"end":{"line":34,"column":3}}},"4":{"name":"(anonymous_4)","decl":{"start":{"line":37,"column":36},"end":{"line":37,"column":39}},"loc":{"start":{"line":37,"column":41},"end":{"line":40,"column":1}}}},"branchMap":{"0":{"loc":{"start":{"line":12,"column":2},"end":{"line":12,"column":79}},"type":"if","locations":[{"start":{"line":12,"column":2},"end":{"line":12,"column":79}}]},"1":{"loc":{"start":{"line":16,"column":2},"end":{"line":18,"column":3}},"type":"if","locations":[{"start":{"line":16,"column":2},"end":{"line":18,"column":3}}]}},"s":{"0":3,"1":3,"2":2,"3":2,"4":1,"5":1,"6":1,"7":1,"8":0,"9":3,"10":3,"11":2,"12":2,"13":1,"14":1,"15":3,"16":2,"17":2,"18":3},"f":{"0":2,"1":3,"2":2,"3":1,"4":2},"b":{"0":[1],"1":[1]}}
}
