{"/Users/adambien/Nauka - 2025/Flowboard/src/components/AddBoardModal.tsx": {"path":"/Users/adambien/Nauka - 2025/Flowboard/src/components/AddBoardModal.tsx","statementMap":{"0":{"start":{"line":10,"column":0},"end":{"line":10,"column":24}},"1":{"start":{"line":1,"column":0},"end":{"line":1,"column":68}},"2":{"start":{"line":2,"column":0},"end":{"line":2,"column":40}},"3":{"start":{"line":15,"column":36},"end":{"line":15,"column":48}},"4":{"start":{"line":16,"column":19},"end":{"line":16,"column":49}},"5":{"start":{"line":18,"column":23},"end":{"line":24,"column":3}},"6":{"start":{"line":19,"column":4},"end":{"line":19,"column":27}},"7":{"start":{"line":20,"column":24},"end":{"line":20,"column":40}},"8":{"start":{"line":21,"column":4},"end":{"line":21,"column":29}},"9":{"start":{"line":21,"column":22},"end":{"line":21,"column":29}},"10":{"start":{"line":22,"column":4},"end":{"line":22,"column":24}},"11":{"start":{"line":23,"column":4},"end":{"line":23,"column":21}},"12":{"start":{"line":26,"column":2},"end":{"line":32,"column":13}},"13":{"start":{"line":27,"column":4},"end":{"line":31,"column":5}},"14":{"start":{"line":28,"column":6},"end":{"line":28,"column":55}},"15":{"start":{"line":28,"column":23},"end":{"line":28,"column":48}},"16":{"start":{"line":30,"column":6},"end":{"line":30,"column":23}},"17":{"start":{"line":34,"column":2},"end":{"line":92,"column":4}},"18":{"start":{"line":66,"column":31},"end":{"line":66,"column":59}}},"fnMap":{"0":{"name":"AddBoardModal","decl":{"start":{"line":10,"column":24},"end":{"line":10,"column":37}},"loc":{"start":{"line":14,"column":21},"end":{"line":93,"column":1}}},"1":{"name":"(anonymous_1)","decl":{"start":{"line":18,"column":23},"end":{"line":18,"column":24}},"loc":{"start":{"line":18,"column":44},"end":{"line":24,"column":3}}},"2":{"name":"(anonymous_2)","decl":{"start":{"line":26,"column":12},"end":{"line":26,"column":15}},"loc":{"start":{"line":26,"column":17},"end":{"line":32,"column":3}}},"3":{"name":"(anonymous_3)","decl":{"start":{"line":28,"column":17},"end":{"line":28,"column":20}},"loc":{"start":{"line":28,"column":23},"end":{"line":28,"column":48}}},"4":{"name":"(anonymous_4)","decl":{"start":{"line":66,"column":24},"end":{"line":66,"column":25}},"loc":{"start":{"line":66,"column":31},"end":{"line":66,"column":59}}}},"branchMap":{"0":{"loc":{"start":{"line":21,"column":4},"end":{"line":21,"column":29}},"type":"if","locations":[{"start":{"line":21,"column":4},"end":{"line":21,"column":29}}]},"1":{"loc":{"start":{"line":27,"column":4},"end":{"line":31,"column":5}},"type":"if","locations":[{"start":{"line":27,"column":4},"end":{"line":31,"column":5}},{"start":{"line":29,"column":11},"end":{"line":31,"column":5}}]}},"s":{"0":1,"1":1,"2":1,"3":18,"4":18,"5":18,"6":2,"7":2,"8":2,"9":1,"10":1,"11":1,"12":18,"13":2,"14":2,"15":0,"16":0,"17":18,"18":15},"f":{"0":18,"1":2,"2":2,"3":0,"4":15},"b":{"0":[1],"1":[2,0]}}
,"/Users/adambien/Nauka - 2025/Flowboard/src/components/TaskModal.tsx": {"path":"/Users/adambien/Nauka - 2025/Flowboard/src/components/TaskModal.tsx","statementMap":{"0":{"start":{"line":13,"column":0},"end":{"line":13,"column":24}},"1":{"start":{"line":1,"column":0},"end":{"line":1,"column":44}},"2":{"start":{"line":2,"column":0},"end":{"line":2,"column":49}},"3":{"start":{"line":3,"column":0},"end":{"line":3,"column":60}},"4":{"start":{"line":4,"column":0},"end":{"line":4,"column":55}},"5":{"start":{"line":5,"column":0},"end":{"line":5,"column":49}},"6":{"start":{"line":6,"column":0},"end":{"line":6,"column":45}},"7":{"start":{"line":14,"column":27},"end":{"line":14,"column":46}},"8":{"start":{"line":16,"column":4},"end":{"line":16,"column":19}},"9":{"start":{"line":18,"column":46},"end":{"line":18,"column":61}},"10":{"start":{"line":19,"column":32},"end":{"line":19,"column":63}},"11":{"start":{"line":20,"column":32},"end":{"line":20,"column":61}},"12":{"start":{"line":22,"column":2},"end":{"line":24,"column":55}},"13":{"start":{"line":23,"column":4},"end":{"line":23,"column":53}},"14":{"start":{"line":23,"column":22},"end":{"line":23,"column":53}},"15":{"start":{"line":26,"column":2},"end":{"line":34,"column":29}},"16":{"start":{"line":27,"column":4},"end":{"line":33,"column":5}},"17":{"start":{"line":28,"column":22},"end":{"line":30,"column":13}},"18":{"start":{"line":29,"column":8},"end":{"line":29,"column":29}},"19":{"start":{"line":32,"column":6},"end":{"line":32,"column":41}},"20":{"start":{"line":32,"column":19},"end":{"line":32,"column":40}},"21":{"start":{"line":36,"column":2},"end":{"line":40,"column":27}},"22":{"start":{"line":37,"column":4},"end":{"line":37,"column":21}},"23":{"start":{"line":38,"column":4},"end":{"line":38,"column":21}},"24":{"start":{"line":39,"column":4},"end":{"line":39,"column":29}},"25":{"start":{"line":42,"column":32},"end":{"line":44,"column":3}},"26":{"start":{"line":43,"column":4},"end":{"line":43,"column":54}},"27":{"start":{"line":43,"column":28},"end":{"line":43,"column":36}},"28":{"start":{"line":46,"column":32},"end":{"line":90,"column":3}},"29":{"start":{"line":47,"column":4},"end":{"line":47,"column":46}},"30":{"start":{"line":47,"column":39},"end":{"line":47,"column":46}},"31":{"start":{"line":48,"column":4},"end":{"line":48,"column":31}},"32":{"start":{"line":48,"column":24},"end":{"line":48,"column":31}},"33":{"start":{"line":50,"column":4},"end":{"line":50,"column":28}},"34":{"start":{"line":51,"column":4},"end":{"line":51,"column":21}},"35":{"start":{"line":53,"column":4},"end":{"line":89,"column":5}},"36":{"start":{"line":54,"column":20},"end":{"line":54,"column":37}},"37":{"start":{"line":55,"column":26},"end":{"line":55,"column":55}},"38":{"start":{"line":57,"column":30},"end":{"line":61,"column":null}},"39":{"start":{"line":64,"column":6},"end":{"line":68,"column":7}},"40":{"start":{"line":65,"column":8},"end":{"line":65,"column":29}},"41":{"start":{"line":66,"column":8},"end":{"line":66,"column":62}},"42":{"start":{"line":67,"column":8},"end":{"line":67,"column":15}},"43":{"start":{"line":70,"column":24},"end":{"line":70,"column":78}},"44":{"start":{"line":71,"column":20},"end":{"line":71,"column":59}},"45":{"start":{"line":73,"column":22},"end":{"line":75,"column":19}},"46":{"start":{"line":74,"column":41},"end":{"line":74,"column":62}},"47":{"start":{"line":77,"column":6},"end":{"line":80,"column":7}},"48":{"start":{"line":78,"column":8},"end":{"line":78,"column":62}},"49":{"start":{"line":79,"column":8},"end":{"line":79,"column":15}},"50":{"start":{"line":82,"column":6},"end":{"line":82,"column":26}},"51":{"start":{"line":84,"column":6},"end":{"line":84,"column":25}},"52":{"start":{"line":85,"column":18},"end":{"line":85,"column":79}},"53":{"start":{"line":86,"column":6},"end":{"line":86,"column":69}},"54":{"start":{"line":88,"column":6},"end":{"line":88,"column":31}},"55":{"start":{"line":92,"column":30},"end":{"line":103,"column":3}},"56":{"start":{"line":93,"column":4},"end":{"line":93,"column":30}},"57":{"start":{"line":93,"column":23},"end":{"line":93,"column":30}},"58":{"start":{"line":94,"column":4},"end":{"line":94,"column":33}},"59":{"start":{"line":94,"column":26},"end":{"line":94,"column":33}},"60":{"start":{"line":96,"column":4},"end":{"line":96,"column":59}},"61":{"start":{"line":98,"column":4},"end":{"line":100,"column":5}},"62":{"start":{"line":99,"column":6},"end":{"line":99,"column":61}},"63":{"start":{"line":102,"column":4},"end":{"line":102,"column":21}},"64":{"start":{"line":105,"column":25},"end":{"line":108,"column":3}},"65":{"start":{"line":106,"column":4},"end":{"line":106,"column":21}},"66":{"start":{"line":107,"column":4},"end":{"line":107,"column":21}},"67":{"start":{"line":111,"column":4},"end":{"line":111,"column":78}},"68":{"start":{"line":113,"column":2},"end":{"line":265,"column":4}},"69":{"start":{"line":190,"column":20},"end":{"line":190,"column":44}}},"fnMap":{"0":{"name":"TaskModal","decl":{"start":{"line":13,"column":24},"end":{"line":13,"column":33}},"loc":{"start":{"line":13,"column":66},"end":{"line":266,"column":1}}},"1":{"name":"(anonymous_2)","decl":{"start":{"line":22,"column":12},"end":{"line":22,"column":15}},"loc":{"start":{"line":22,"column":17},"end":{"line":24,"column":3}}},"2":{"name":"(anonymous_3)","decl":{"start":{"line":26,"column":12},"end":{"line":26,"column":15}},"loc":{"start":{"line":26,"column":17},"end":{"line":34,"column":3}}},"3":{"name":"(anonymous_4)","decl":{"start":{"line":28,"column":33},"end":{"line":28,"column":36}},"loc":{"start":{"line":28,"column":38},"end":{"line":30,"column":7}}},"4":{"name":"(anonymous_5)","decl":{"start":{"line":32,"column":13},"end":{"line":32,"column":16}},"loc":{"start":{"line":32,"column":19},"end":{"line":32,"column":40}}},"5":{"name":"(anonymous_6)","decl":{"start":{"line":36,"column":12},"end":{"line":36,"column":15}},"loc":{"start":{"line":36,"column":17},"end":{"line":40,"column":3}}},"6":{"name":"(anonymous_7)","decl":{"start":{"line":42,"column":32},"end":{"line":42,"column":33}},"loc":{"start":{"line":42,"column":52},"end":{"line":44,"column":3}}},"7":{"name":"(anonymous_8)","decl":{"start":{"line":43,"column":21},"end":{"line":43,"column":22}},"loc":{"start":{"line":43,"column":28},"end":{"line":43,"column":36}}},"8":{"name":"(anonymous_9)","decl":{"start":{"line":46,"column":32},"end":{"line":46,"column":37}},"loc":{"start":{"line":46,"column":43},"end":{"line":90,"column":3}}},"9":{"name":"(anonymous_10)","decl":{"start":{"line":74,"column":21},"end":{"line":74,"column":22}},"loc":{"start":{"line":74,"column":41},"end":{"line":74,"column":62}}},"10":{"name":"(anonymous_11)","decl":{"start":{"line":92,"column":30},"end":{"line":92,"column":35}},"loc":{"start":{"line":92,"column":41},"end":{"line":103,"column":3}}},"11":{"name":"(anonymous_12)","decl":{"start":{"line":105,"column":25},"end":{"line":105,"column":28}},"loc":{"start":{"line":105,"column":30},"end":{"line":108,"column":3}}},"12":{"name":"(anonymous_13)","decl":{"start":{"line":189,"column":37},"end":{"line":189,"column":38}},"loc":{"start":{"line":190,"column":20},"end":{"line":190,"column":44}}}},"branchMap":{"0":{"loc":{"start":{"line":23,"column":4},"end":{"line":23,"column":53}},"type":"if","locations":[{"start":{"line":23,"column":4},"end":{"line":23,"column":53}}]},"1":{"loc":{"start":{"line":27,"column":4},"end":{"line":33,"column":5}},"type":"if","locations":[{"start":{"line":27,"column":4},"end":{"line":33,"column":5}}]},"2":{"loc":{"start":{"line":47,"column":4},"end":{"line":47,"column":46}},"type":"if","locations":[{"start":{"line":47,"column":4},"end":{"line":47,"column":46}}]},"3":{"loc":{"start":{"line":47,"column":8},"end":{"line":47,"column":37}},"type":"binary-expr","locations":[{"start":{"line":47,"column":8},"end":{"line":47,"column":21}},{"start":{"line":47,"column":25},"end":{"line":47,"column":37}}]},"4":{"loc":{"start":{"line":48,"column":4},"end":{"line":48,"column":31}},"type":"if","locations":[{"start":{"line":48,"column":4},"end":{"line":48,"column":31}}]},"5":{"loc":{"start":{"line":55,"column":26},"end":{"line":55,"column":55}},"type":"binary-expr","locations":[{"start":{"line":55,"column":26},"end":{"line":55,"column":49}},{"start":{"line":55,"column":53},"end":{"line":55,"column":55}}]},"6":{"loc":{"start":{"line":64,"column":6},"end":{"line":68,"column":7}},"type":"if","locations":[{"start":{"line":64,"column":6},"end":{"line":68,"column":7}}]},"7":{"loc":{"start":{"line":71,"column":20},"end":{"line":71,"column":59}},"type":"cond-expr","locations":[{"start":{"line":71,"column":46},"end":{"line":71,"column":54}},{"start":{"line":71,"column":57},"end":{"line":71,"column":59}}]},"8":{"loc":{"start":{"line":77,"column":6},"end":{"line":80,"column":7}},"type":"if","locations":[{"start":{"line":77,"column":6},"end":{"line":80,"column":7}}]},"9":{"loc":{"start":{"line":85,"column":18},"end":{"line":85,"column":79}},"type":"cond-expr","locations":[{"start":{"line":85,"column":41},"end":{"line":85,"column":52}},{"start":{"line":85,"column":55},"end":{"line":85,"column":79}}]},"10":{"loc":{"start":{"line":93,"column":4},"end":{"line":93,"column":30}},"type":"if","locations":[{"start":{"line":93,"column":4},"end":{"line":93,"column":30}}]},"11":{"loc":{"start":{"line":94,"column":4},"end":{"line":94,"column":33}},"type":"if","locations":[{"start":{"line":94,"column":4},"end":{"line":94,"column":33}}]},"12":{"loc":{"start":{"line":98,"column":4},"end":{"line":100,"column":5}},"type":"if","locations":[{"start":{"line":98,"column":4},"end":{"line":100,"column":5}}]},"13":{"loc":{"start":{"line":111,"column":4},"end":{"line":111,"column":78}},"type":"cond-expr","locations":[{"start":{"line":111,"column":36},"end":{"line":111,"column":43}},{"start":{"line":111,"column":47},"end":{"line":111,"column":77}}]},"14":{"loc":{"start":{"line":111,"column":4},"end":{"line":111,"column":33}},"type":"binary-expr","locations":[{"start":{"line":111,"column":4},"end":{"line":111,"column":11}},{"start":{"line":111,"column":15},"end":{"line":111,"column":33}}]},"15":{"loc":{"start":{"line":111,"column":47},"end":{"line":111,"column":77}},"type":"binary-expr","locations":[{"start":{"line":111,"column":47},"end":{"line":111,"column":69}},{"start":{"line":111,"column":73},"end":{"line":111,"column":77}}]},"16":{"loc":{"start":{"line":138,"column":9},"end":{"line":242,"column":null}},"type":"cond-expr","locations":[{"start":{"line":139,"column":10},"end":{"line":237,"column":null}},{"start":{"line":240,"column":10},"end":{"line":241,"column":null}}]},"17":{"loc":{"start":{"line":156,"column":17},"end":{"line":156,"column":47}},"type":"binary-expr","locations":[{"start":{"line":156,"column":17},"end":{"line":156,"column":40}},{"start":{"line":156,"column":44},"end":{"line":156,"column":47}}]},"18":{"loc":{"start":{"line":168,"column":17},"end":{"line":171,"column":null}},"type":"cond-expr","locations":[{"start":{"line":169,"column":18},"end":{"line":169,"column":58}},{"start":{"line":171,"column":18},"end":{"line":171,"column":47}}]},"19":{"loc":{"start":{"line":175,"column":15},"end":{"line":178,"column":null}},"type":"binary-expr","locations":[{"start":{"line":175,"column":15},"end":{"line":175,"column":22}},{"start":{"line":176,"column":16},"end":{"line":177,"column":null}}]},"20":{"loc":{"start":{"line":182,"column":13},"end":{"line":213,"column":null}},"type":"binary-expr","locations":[{"start":{"line":182,"column":13},"end":{"line":182,"column":26}},{"start":{"line":182,"column":30},"end":{"line":182,"column":54}},{"start":{"line":183,"column":14},"end":{"line":212,"column":null}}]},"21":{"loc":{"start":{"line":195,"column":17},"end":{"line":212,"column":24}},"type":"cond-expr","locations":[{"start":{"line":196,"column":18},"end":{"line":210,"column":null}},{"start":{"line":212,"column":20},"end":{"line":212,"column":24}}]},"22":{"loc":{"start":{"line":232,"column":19},"end":{"line":234,"column":32}},"type":"cond-expr","locations":[{"start":{"line":233,"column":22},"end":{"line":233,"column":63}},{"start":{"line":234,"column":22},"end":{"line":234,"column":32}}]}},"s":{"0":1,"1":1,"2":1,"3":1,"4":1,"5":1,"6":1,"7":24,"8":24,"9":24,"10":24,"11":24,"12":24,"13":8,"14":8,"15":24,"16":8,"17":1,"18":1,"19":1,"20":1,"21":24,"22":8,"23":8,"24":8,"25":24,"26":3,"27":8,"28":24,"29":5,"30":0,"31":5,"32":0,"33":5,"34":5,"35":5,"36":5,"37":5,"38":5,"39":4,"40":1,"41":1,"42":1,"43":3,"44":3,"45":3,"46":8,"47":3,"48":1,"49":1,"50":2,"51":1,"52":1,"53":1,"54":5,"55":24,"56":1,"57":0,"58":1,"59":0,"60":1,"61":1,"62":1,"63":1,"64":24,"65":1,"66":1,"67":24,"68":24,"69":45},"f":{"0":24,"1":8,"2":8,"3":1,"4":1,"5":8,"6":3,"7":8,"8":5,"9":8,"10":1,"11":1,"12":45},"b":{"0":[8],"1":[1],"2":[0],"3":[5,5],"4":[0],"5":[5,0],"6":[1],"7":[3,0],"8":[1],"9":[1,0],"10":[0],"11":[0],"12":[1],"13":[2,22],"14":[24,2],"15":[22,2],"16":[22,2],"17":[22,0],"18":[9,13],"19":[22,3],"20":[22,22,22],"21":[2,20],"22":[22,0]}}
,"/Users/adambien/Nauka - 2025/Flowboard/src/store/taskModalStore.ts": {"path":"/Users/adambien/Nauka - 2025/Flowboard/src/store/taskModalStore.ts","statementMap":{"0":{"start":{"line":1,"column":0},"end":{"line":1,"column":33}},"1":{"start":{"line":10,"column":18},"end":{"line":20,"column":1}},"2":{"start":{"line":11,"column":15},"end":{"line":11,"column":35}},"3":{"start":{"line":12,"column":2},"end":{"line":12,"column":79}},"4":{"start":{"line":12,"column":13},"end":{"line":12,"column":79}},"5":{"start":{"line":14,"column":20},"end":{"line":14,"column":44}},"6":{"start":{"line":16,"column":2},"end":{"line":18,"column":3}},"7":{"start":{"line":17,"column":4},"end":{"line":17,"column":65}},"8":{"start":{"line":19,"column":2},"end":{"line":19,"column":56}},"9":{"start":{"line":22,"column":13},"end":{"line":35,"column":4}},"10":{"start":{"line":22,"column":66},"end":{"line":35,"column":2}},"11":{"start":{"line":27,"column":4},"end":{"line":27,"column":57}},"12":{"start":{"line":28,"column":4},"end":{"line":28,"column":45}},"13":{"start":{"line":32,"column":4},"end":{"line":32,"column":56}},"14":{"start":{"line":33,"column":4},"end":{"line":33,"column":75}},"15":{"start":{"line":37,"column":36},"end":{"line":40,"column":1}},"16":{"start":{"line":38,"column":16},"end":{"line":38,"column":27}},"17":{"start":{"line":39,"column":2},"end":{"line":39,"column":36}},"18":{"start":{"line":37,"column":13},"end":{"line":37,"column":36}}},"fnMap":{"0":{"name":"(anonymous_0)","decl":{"start":{"line":10,"column":18},"end":{"line":10,"column":21}},"loc":{"start":{"line":10,"column":23},"end":{"line":20,"column":1}}},"1":{"name":"(anonymous_1)","decl":{"start":{"line":22,"column":56},"end":{"line":22,"column":57}},"loc":{"start":{"line":22,"column":66},"end":{"line":35,"column":2}}},"2":{"name":"(anonymous_2)","decl":{"start":{"line":26,"column":17},"end":{"line":26,"column":18}},"loc":{"start":{"line":26,"column":28},"end":{"line":29,"column":3}}},"3":{"name":"(anonymous_3)","decl":{"start":{"line":31,"column":18},"end":{"line":31,"column":21}},"loc":{"start":{"line":31,"column":23},"end":{"line":34,"column":3}}},"4":{"name":"(anonymous_4)","decl":{"start":{"line":37,"column":36},"end":{"line":37,"column":39}},"loc":{"start":{"line":37,"column":41},"end":{"line":40,"column":1}}}},"branchMap":{"0":{"loc":{"start":{"line":12,"column":2},"end":{"line":12,"column":79}},"type":"if","locations":[{"start":{"line":12,"column":2},"end":{"line":12,"column":79}}]},"1":{"loc":{"start":{"line":16,"column":2},"end":{"line":18,"column":3}},"type":"if","locations":[{"start":{"line":16,"column":2},"end":{"line":18,"column":3}}]}},"s":{"0":3,"1":3,"2":2,"3":2,"4":1,"5":1,"6":1,"7":1,"8":0,"9":3,"10":3,"11":2,"12":2,"13":1,"14":1,"15":3,"16":2,"17":2,"18":3},"f":{"0":2,"1":3,"2":2,"3":1,"4":2},"b":{"0":[1],"1":[1]}}
}
