TN:
SF:src/components/AddBoardModal.tsx
FN:10,AddBoardModal
FN:18,(anonymous_1)
FN:26,(anonymous_2)
FN:28,(anonymous_3)
FN:66,(anonymous_4)
FNF:5
FNH:4
FNDA:18,AddBoardModal
FNDA:2,(anonymous_1)
FNDA:2,(anonymous_2)
FNDA:0,(anonymous_3)
FNDA:15,(anonymous_4)
DA:1,1
DA:2,1
DA:10,1
DA:15,18
DA:16,18
DA:18,18
DA:19,2
DA:20,2
DA:21,2
DA:22,1
DA:23,1
DA:26,18
DA:27,2
DA:28,2
DA:30,0
DA:34,18
DA:66,15
LF:17
LH:16
BRDA:21,0,0,1
BRDA:27,1,0,2
BRDA:27,1,1,0
BRF:3
BRH:2
end_of_record
TN:
SF:src/components/TaskModal.tsx
FN:14,TaskModal
FN:24,(anonymous_2)
FN:28,(anonymous_3)
FN:30,(anonymous_4)
FN:34,(anonymous_5)
FN:38,(anonymous_6)
FN:45,(anonymous_7)
FN:46,(anonymous_8)
FN:49,(anonymous_9)
FN:77,(anonymous_10)
FN:96,(anonymous_11)
FN:189,(anonymous_12)
FN:248,(anonymous_13)
FN:260,(anonymous_14)
FNF:14
FNH:5
FNDA:3,TaskModal
FNDA:3,(anonymous_2)
FNDA:3,(anonymous_3)
FNDA:0,(anonymous_4)
FNDA:0,(anonymous_5)
FNDA:3,(anonymous_6)
FNDA:0,(anonymous_7)
FNDA:0,(anonymous_8)
FNDA:0,(anonymous_9)
FNDA:0,(anonymous_10)
FNDA:0,(anonymous_11)
FNDA:2,(anonymous_12)
FNDA:0,(anonymous_13)
FNDA:0,(anonymous_14)
DA:1,1
DA:2,1
DA:3,1
DA:4,1
DA:5,1
DA:6,1
DA:7,1
DA:14,1
DA:15,3
DA:17,3
DA:19,3
DA:20,3
DA:21,3
DA:22,3
DA:24,3
DA:25,3
DA:28,3
DA:29,3
DA:30,0
DA:31,0
DA:34,0
DA:38,3
DA:39,3
DA:40,3
DA:41,3
DA:42,3
DA:45,3
DA:46,0
DA:49,3
DA:50,0
DA:51,0
DA:53,0
DA:54,0
DA:56,0
DA:57,0
DA:58,0
DA:60,0
DA:67,0
DA:68,0
DA:69,0
DA:70,0
DA:73,0
DA:74,0
DA:76,0
DA:77,0
DA:80,0
DA:81,0
DA:82,0
DA:85,0
DA:86,0
DA:88,0
DA:89,0
DA:90,0
DA:92,0
DA:96,3
DA:97,0
DA:98,0
DA:100,0
DA:102,0
DA:103,0
DA:106,0
DA:107,0
DA:111,3
DA:113,3
DA:190,2
DA:249,0
DA:250,0
DA:251,0
DA:260,0
LF:69
LH:29
BRDA:25,0,0,3
BRDA:29,1,0,0
BRDA:50,2,0,0
BRDA:50,3,0,0
BRDA:50,3,1,0
BRDA:51,4,0,0
BRDA:58,5,0,0
BRDA:58,5,1,0
BRDA:67,6,0,0
BRDA:74,7,0,0
BRDA:74,7,1,0
BRDA:80,8,0,0
BRDA:89,9,0,0
BRDA:89,9,1,0
BRDA:97,10,0,0
BRDA:98,11,0,0
BRDA:102,12,0,0
BRDA:111,13,0,0
BRDA:111,13,1,3
BRDA:111,14,0,3
BRDA:111,14,1,0
BRDA:111,15,0,3
BRDA:111,15,1,2
BRDA:138,16,0,2
BRDA:138,16,1,1
BRDA:156,17,0,2
BRDA:156,17,1,0
BRDA:168,18,0,0
BRDA:168,18,1,2
BRDA:175,19,0,2
BRDA:175,19,1,0
BRDA:182,20,0,2
BRDA:182,20,1,1
BRDA:182,20,2,1
BRDA:214,21,0,0
BRDA:214,21,1,2
BRDA:258,22,0,0
BRDA:258,22,1,3
BRDA:258,23,0,3
BRDA:258,23,1,0
BRF:40
BRH:16
end_of_record
TN:
SF:src/store/taskModalStore.ts
FN:10,(anonymous_0)
FN:22,(anonymous_1)
FN:26,(anonymous_2)
FN:31,(anonymous_3)
FN:37,(anonymous_4)
FNF:5
FNH:5
FNDA:2,(anonymous_0)
FNDA:3,(anonymous_1)
FNDA:2,(anonymous_2)
FNDA:1,(anonymous_3)
FNDA:2,(anonymous_4)
DA:1,3
DA:10,3
DA:11,2
DA:12,2
DA:14,1
DA:16,1
DA:17,1
DA:19,0
DA:22,3
DA:27,2
DA:28,2
DA:32,1
DA:33,1
DA:37,3
DA:38,2
DA:39,2
LF:16
LH:15
BRDA:12,0,0,1
BRDA:16,1,0,1
BRF:2
BRH:2
end_of_record
